
depth updated:1
"アルジェリア"

depth updated:2
"アルジェリア"->"アンゴラ"

depth updated:3
"アルジェリア"->"アンゴラ"->"ラオス"

depth updated:4
"アルジェリア"->"アンゴラ"->"ラオス"->"スリランカ"

depth updated:5
"アルジェリア"->"アンゴラ"->"ラオス"->"スリランカ"->"ガーナ"

depth updated:6
"アルジェリア"->"アンゴラ"->"ラオス"->"スリランカ"->"ガーナ"->"ナイジェリア"

depth updated:7
"アルジェリア"->"アンゴラ"->"ラオス"->"スリランカ"->"ガーナ"->"ナイジェリア"->"アラブ首長国連邦"

depth updated:8
"アルジェリア"->"アンゴラ"->"ラオス"->"スリランカ"->"ガーナ"->"ナイジェリア"->"アラブ首長国連邦"->"ウガンダ"

depth updated:9
"アルジェリア"->"アンゴラ"->"ラオス"->"スリランカ"->"ガーナ"->"ナイジェリア"->"アラブ首長国連邦"->"ウガンダ"->"タンザニア"

depth updated:10
"アルジェリア"->"アンゴラ"->"ラオス"->"スリランカ"->"ガーナ"->"ナイジェリア"->"アラブ首長国連邦"->"ウガンダ"->"タンザニア"->"アイスランド"

depth updated:11
"アルジェリア"->"アンゴラ"->"ラオス"->"スリランカ"->"ガーナ"->"ナイジェリア"->"アラブ首長国連邦"->"ウガンダ"->"タンザニア"->"アイスランド"->"トーゴ"

depth updated:12
"アルジェリア"->"アンゴラ"->"ラオス"->"スリランカ"->"ガーナ"->"ナイジェリア"->"アラブ首長国連邦"->"ウガンダ"->"タンザニア"->"アイスランド"->"トーゴ"->"コートジボワール"

depth updated:13
"アルジェリア"->"アンゴラ"->"ラオス"->"スリランカ"->"ガーナ"->"ナイジェリア"->"アラブ首長国連邦"->"ウガンダ"->"タンザニア"->"アイスランド"->"トーゴ"->"コートジボワール"->"ルワンダ"

depth updated:14
"アルジェリア"->"アンゴラ"->"ラオス"->"スリランカ"->"ガーナ"->"ナイジェリア"->"アラブ首長国連邦"->"ウガンダ"->"タンザニア"->"アイスランド"->"トーゴ"->"コートジボワール"->"ルワンダ"->"タイ"

depth updated:15
"アルジェリア"->"アンゴラ"->"ラオス"->"スリランカ"->"ガーナ"->"ナイジェリア"->"アラブ首長国連邦"->"ウガンダ"->"タンザニア"->"アイスランド"->"トーゴ"->"コートジボワール"->"ルワンダ"->"タイ"->"インド"

depth updated:16
"アルジェリア"->"アンゴラ"->"ラオス"->"スリランカ"->"ガーナ"->"ナイジェリア"->"アラブ首長国連邦"->"ウガンダ"->"タンザニア"->"アイスランド"->"トーゴ"->"コートジボワール"->"ルワンダ"->"タイ"->"インド"->"トルコ"

depth updated:17
"アルジェリア"->"アンゴラ"->"ラオス"->"スリランカ"->"ガーナ"->"ナイジェリア"->"アラブ首長国連邦"->"ウガンダ"->"タンザニア"->"アイスランド"->"トーゴ"->"コートジボワール"->"ルワンダ"->"タイ"->"インド"->"トルコ"->"コモロ"

depth updated:18
"アルジェリア"->"アンゴラ"->"ラオス"->"スリランカ"->"ガーナ"->"ナイジェリア"->"アラブ首長国連邦"->"ウガンダ"->"タンザニア"->"アイスランド"->"トーゴ"->"コートジボワール"->"ルワンダ"->"タイ"->"インド"->"トルコ"->"コモロ"->"ロシア"

depth updated:19
"アルジェリア"->"アンゴラ"->"ラオス"->"スリランカ"->"ガーナ"->"ナイジェリア"->"アラブ首長国連邦"->"ウガンダ"->"タンザニア"->"アイスランド"->"トーゴ"->"コートジボワール"->"ルワンダ"->"タイ"->"インド"->"トルコ"->"コモロ"->"ロシア"->"アイルランド"

depth updated:20
"アルジェリア"->"アンゴラ"->"ラオス"->"スリランカ"->"ガーナ"->"ナイジェリア"->"アラブ首長国連邦"->"ウガンダ"->"タンザニア"->"アイスランド"->"トーゴ"->"コートジボワール"->"ルワンダ"->"タイ"->"インド"->"トルコ"->"コモロ"->"ロシア"->"アイルランド"->"ドイツ"

depth updated:21
"アルジェリア"->"アンゴラ"->"ラオス"->"スリランカ"->"ガーナ"->"ナイジェリア"->"アラブ首長国連邦"->"ウガンダ"->"タンザニア"->"アイスランド"->"トーゴ"->"コートジボワール"->"ルワンダ"->"タイ"->"インド"->"トルコ"->"コモロ"->"ロシア"->"アイルランド"->"ドイツ"->"ツバル"

depth updated:22
"アルジェリア"->"アンゴラ"->"ラオス"->"スリランカ"->"ガーナ"->"ナイジェリア"->"アラブ首長国連邦"->"ウガンダ"->"タンザニア"->"アイスランド"->"トーゴ"->"コートジボワール"->"ルワンダ"->"タイ"->"インド"->"トルコ"->"コモロ"->"ロシア"->"アイルランド"->"ドイツ"->"ツバル"->"ルクセンブルク"

depth updated:23
"アルジェリア"->"アンゴラ"->"ラオス"->"スリランカ"->"ガーナ"->"ナイジェリア"->"アラブ首長国連邦"->"ウガンダ"->"タンザニア"->"アイスランド"->"トーゴ"->"コートジボワール"->"ルワンダ"->"タイ"->"インド"->"トルコ"->"コモロ"->"ロシア"->"アイルランド"->"ドイツ"->"ツバル"->"ルクセンブルク"->"クウェート"

depth updated:24
"アルジェリア"->"アンゴラ"->"ラオス"->"スリランカ"->"ガーナ"->"ナイジェリア"->"アラブ首長国連邦"->"ウガンダ"->"タンザニア"->"アイスランド"->"トーゴ"->"コートジボワール"->"ルワンダ"->"タイ"->"インド"->"トルコ"->"コモロ"->"ロシア"->"アイルランド"->"ドイツ"->"ツバル"->"ルクセンブルク"->"クウェート"->"ドミニカ"

depth updated:25
"アルジェリア"->"アンゴラ"->"ラオス"->"スリランカ"->"ガーナ"->"ナイジェリア"->"アラブ首長国連邦"->"ウガンダ"->"タンザニア"->"アイスランド"->"トーゴ"->"コートジボワール"->"ルワンダ"->"タイ"->"インド"->"トルコ"->"コモロ"->"ロシア"->"アイルランド"->"ドイツ"->"ツバル"->"ルクセンブルク"->"クウェート"->"ドミニカ"->"カーボヴェルデ"

depth updated:26
"アルジェリア"->"アンゴラ"->"ラオス"->"スリランカ"->"ガーナ"->"ナイジェリア"->"アラブ首長国連邦"->"ウガンダ"->"タンザニア"->"アイスランド"->"トーゴ"->"コートジボワール"->"ルワンダ"->"タイ"->"インド"->"トルコ"->"コモロ"->"ロシア"->"アイルランド"->"ドイツ"->"ツバル"->"ルクセンブルク"->"クウェート"->"ドミニカ"->"カーボヴェルデ"->"デンマーク"

depth updated:27
"アルジェリア"->"アンゴラ"->"ラオス"->"スリランカ"->"ガーナ"->"ナイジェリア"->"アラブ首長国連邦"->"ウガンダ"->"タンザニア"->"アイスランド"->"トーゴ"->"コートジボワール"->"ルワンダ"->"タイ"->"インド"->"トルコ"->"コモロ"->"ロシア"->"アイルランド"->"ドイツ"->"ツバル"->"ルクセンブルク"->"クウェート"->"ドミニカ"->"カーボヴェルデ"->"デンマーク"->"クロアチア"

depth updated:28
"アルジェリア"->"アンゴラ"->"ラオス"->"スリランカ"->"ガーナ"->"ナイジェリア"->"アラブ首長国連邦"->"ウガンダ"->"タンザニア"->"アイスランド"->"トーゴ"->"コートジボワール"->"ルワンダ"->"タイ"->"インド"->"トルコ"->"コモロ"->"ロシア"->"アイルランド"->"ドイツ"->"ツバル"->"ルクセンブルク"->"クウェート"->"ドミニカ"->"カーボヴェルデ"->"デンマーク"->"クロアチア"->"アルバニア"

depth updated:29
"アルジェリア"->"アンゴラ"->"ラオス"->"スリランカ"->"ガーナ"->"ナイジェリア"->"アラブ首長国連邦"->"ウガンダ"->"タンザニア"->"アイスランド"->"トーゴ"->"コートジボワール"->"ルワンダ"->"タイ"->"インド"->"トルコ"->"コモロ"->"ロシア"->"アイルランド"->"ドイツ"->"ツバル"->"ルクセンブルク"->"クウェート"->"ドミニカ"->"カーボヴェルデ"->"デンマーク"->"クロアチア"->"アルバニア"->"アルメニア"

depth updated:30
"アルジェリア"->"アンゴラ"->"ラオス"->"スリランカ"->"ガーナ"->"ナイジェリア"->"アラブ首長国連邦"->"ウガンダ"->"タンザニア"->"アイスランド"->"トーゴ"->"コートジボワール"->"ルワンダ"->"タイ"->"インド"->"トルコ"->"コモロ"->"ロシア"->"アイルランド"->"ドイツ"->"ツバル"->"ルクセンブルク"->"クウェート"->"ドミニカ"->"カーボヴェルデ"->"デンマーク"->"クロアチア"->"アルバニア"->"アルメニア"->"アンドラ"

depth updated:31
"アルジェリア"->"アンゴラ"->"ラオス"->"スリランカ"->"ガーナ"->"ナイジェリア"->"アラブ首長国連邦"->"ウガンダ"->"タンザニア"->"アイスランド"->"トーゴ"->"コートジボワール"->"ルワンダ"->"タイ"->"インド"->"トルコ"->"コモロ"->"ロシア"->"アイルランド"->"ドイツ"->"ツバル"->"ルクセンブルク"->"クウェート"->"ドミニカ"->"カーボヴェルデ"->"デンマーク"->"クロアチア"->"アルバニア"->"アルメニア"->"アンドラ"->"ラトビア"

depth updated:32
"アルジェリア"->"アンゴラ"->"ラオス"->"スリランカ"->"ガーナ"->"ナイジェリア"->"アラブ首長国連邦"->"ウガンダ"->"タンザニア"->"アイスランド"->"トーゴ"->"コートジボワール"->"ルワンダ"->"タイ"->"インド"->"トルコ"->"コモロ"->"ロシア"->"アイルランド"->"ドイツ"->"ツバル"->"ルクセンブルク"->"クウェート"->"ドミニカ"->"カーボヴェルデ"->"デンマーク"->"クロアチア"->"アルバニア"->"アルメニア"->"アンドラ"->"ラトビア"->"アンティグア・バーブーダ"

depth updated:33
"アルジェリア"->"アンゴラ"->"ラオス"->"スリランカ"->"ガーナ"->"ナイジェリア"->"アラブ首長国連邦"->"ウガンダ"->"タンザニア"->"アイスランド"->"トーゴ"->"コートジボワール"->"ルワンダ"->"タイ"->"インド"->"トルコ"->"コモロ"->"ロシア"->"アイルランド"->"ドイツ"->"ツバル"->"ルクセンブルク"->"クウェート"->"ドミニカ"->"カーボヴェルデ"->"デンマーク"->"クロアチア"->"アルバニア"->"アルメニア"->"アンドラ"->"ラトビア"->"アンティグア・バーブーダ"->"大韓民国"

depth updated:34
"アルジェリア"->"アンゴラ"->"ラオス"->"スリランカ"->"ガーナ"->"ナイジェリア"->"アラブ首長国連邦"->"ウガンダ"->"タンザニア"->"アイスランド"->"トーゴ"->"コートジボワール"->"ルワンダ"->"タイ"->"インド"->"トルコ"->"コモロ"->"ロシア"->"アイルランド"->"ドイツ"->"ツバル"->"ルクセンブルク"->"クウェート"->"ドミニカ"->"カーボヴェルデ"->"デンマーク"->"クロアチア"->"アルバニア"->"アルメニア"->"アンドラ"->"ラトビア"->"アンティグア・バーブーダ"->"大韓民国"->"グレナダ"

depth updated:35
"アルジェリア"->"アンゴラ"->"ラオス"->"スリランカ"->"ガーナ"->"ナイジェリア"->"アラブ首長国連邦"->"ウガンダ"->"タンザニア"->"アイスランド"->"トーゴ"->"コートジボワール"->"ルワンダ"->"タイ"->"インド"->"トルコ"->"コモロ"->"ロシア"->"アイルランド"->"ドイツ"->"ツバル"->"ルクセンブルク"->"クウェート"->"ドミニカ"->"カーボヴェルデ"->"デンマーク"->"クロアチア"->"アルバニア"->"アルメニア"->"アンドラ"->"ラトビア"->"アンティグア・バーブーダ"->"大韓民国"->"クック諸島"->"ウクライナ"

depth updated:36
"アルジェリア"->"アンゴラ"->"ラオス"->"スリランカ"->"ガーナ"->"ナイジェリア"->"アラブ首長国連邦"->"ウガンダ"->"タンザニア"->"アイスランド"->"トーゴ"->"コートジボワール"->"ルワンダ"->"タイ"->"インド"->"トルコ"->"コモロ"->"ロシア"->"アイルランド"->"ドイツ"->"ツバル"->"ルクセンブルク"->"クウェート"->"ドミニカ"->"カーボヴェルデ"->"デンマーク"->"クロアチア"->"アルバニア"->"アルメニア"->"アンドラ"->"ラトビア"->"アンティグア・バーブーダ"->"大韓民国"->"クック諸島"->"ウクライナ"->"ナミビア"

depth updated:37
"アルジェリア"->"アンゴラ"->"ラオス"->"スリランカ"->"ガーナ"->"ナイジェリア"->"アラブ首長国連邦"->"ウガンダ"->"タンザニア"->"アイスランド"->"トーゴ"->"コートジボワール"->"ルワンダ"->"タイ"->"インド"->"トルコ"->"コモロ"->"ロシア"->"アイルランド"->"ドイツ"->"ツバル"->"ルクセンブルク"->"クウェート"->"ドミニカ"->"カーボヴェルデ"->"デンマーク"->"クロアチア"->"アルバニア"->"アルメニア"->"アンドラ"->"ラトビア"->"アンティグア・バーブーダ"->"大韓民国"->"クック諸島"->"ウクライナ"->"ナミビア"->"アメリカ"

depth updated:38
"アルジェリア"->"アンゴラ"->"ラオス"->"スリランカ"->"ガーナ"->"ナイジェリア"->"アラブ首長国連邦"->"ウガンダ"->"タンザニア"->"アイスランド"->"トーゴ"->"コートジボワール"->"ルワンダ"->"タイ"->"インド"->"トルコ"->"コモロ"->"ロシア"->"アイルランド"->"ドイツ"->"ツバル"->"ルクセンブルク"->"クウェート"->"ドミニカ"->"カーボヴェルデ"->"デンマーク"->"クロアチア"->"アルバニア"->"アルメニア"->"アンドラ"->"ラトビア"->"アンティグア・バーブーダ"->"大韓民国"->"クック諸島"->"ウクライナ"->"ナミビア"->"アメリカ"->"ガンビア"

depth updated:39
"アルジェリア"->"アンゴラ"->"ラオス"->"スリランカ"->"ガーナ"->"ナイジェリア"->"アラブ首長国連邦"->"ウガンダ"->"タンザニア"->"アイスランド"->"トーゴ"->"コートジボワール"->"ルワンダ"->"タイ"->"インド"->"トルコ"->"コモロ"->"ロシア"->"アイルランド"->"ドイツ"->"ツバル"->"ルクセンブルク"->"クウェート"->"ドミニカ"->"カーボヴェルデ"->"デンマーク"->"クロアチア"->"アルバニア"->"アルメニア"->"アンドラ"->"ラトビア"->"アンティグア・バーブーダ"->"大韓民国"->"クック諸島"->"ウクライナ"->"ナミビア"->"アメリカ"->"カタール"->"ルーマニア"

depth updated:40
"アルジェリア"->"アンゴラ"->"ラオス"->"スリランカ"->"ガーナ"->"ナイジェリア"->"アラブ首長国連邦"->"ウガンダ"->"タンザニア"->"アイスランド"->"トーゴ"->"コートジボワール"->"ルワンダ"->"タイ"->"インド"->"トルコ"->"コモロ"->"ロシア"->"アイルランド"->"ドイツ"->"ツバル"->"ルクセンブルク"->"クウェート"->"ドミニカ"->"カーボヴェルデ"->"デンマーク"->"クロアチア"->"アルバニア"->"アルメニア"->"アンドラ"->"ラトビア"->"アンティグア・バーブーダ"->"大韓民国"->"クック諸島"->"ウクライナ"->"ナミビア"->"アメリカ"->"ガイアナ"->"ナウル"->"ルーマニア"

depth updated:41
"アルジェリア"->"アンゴラ"->"ラオス"->"スリランカ"->"ガーナ"->"ナイジェリア"->"アラブ首長国連邦"->"ウガンダ"->"タンザニア"->"アイスランド"->"トーゴ"->"コートジボワール"->"ルワンダ"->"タイ"->"インド"->"トルコ"->"コモロ"->"ロシア"->"アイルランド"->"ドイツ"->"ツバル"->"ルクセンブルク"->"クウェート"->"ドミニカ"->"カーボヴェルデ"->"デンマーク"->"クロアチア"->"アルバニア"->"アルメニア"->"アンドラ"->"ラトビア"->"アンティグア・バーブーダ"->"大韓民国"->"クック諸島"->"ウルグアイ"->"イギリス"->"スイス"->"スロバキア"->"アメリカ"->"カタール"->"ルーマニア"

depth updated:42
"アルジェリア"->"アンゴラ"->"ラオス"->"スリランカ"->"ガーナ"->"ナイジェリア"->"アラブ首長国連邦"->"ウガンダ"->"タンザニア"->"アイスランド"->"トーゴ"->"コートジボワール"->"ルワンダ"->"タイ"->"インド"->"トルコ"->"コモロ"->"ロシア"->"アイルランド"->"ドイツ"->"ツバル"->"ルクセンブルク"->"クウェート"->"ドミニカ"->"カーボヴェルデ"->"デンマーク"->"クロアチア"->"アルバニア"->"アルメニア"->"アンドラ"->"ラトビア"->"アンティグア・バーブーダ"->"大韓民国"->"クック諸島"->"ウルグアイ"->"イギリス"->"スイス"->"スロバキア"->"アメリカ"->"ガイアナ"->"ナウル"->"ルーマニア"

depth updated:43
"アルジェリア"->"アンゴラ"->"ラオス"->"スリランカ"->"ガーナ"->"ナイジェリア"->"アラブ首長国連邦"->"ウガンダ"->"タンザニア"->"アイスランド"->"トーゴ"->"コートジボワール"->"ルワンダ"->"タイ"->"インド"->"トルコ"->"コモロ"->"ロシア"->"アイルランド"->"ドイツ"->"ツバル"->"ルクセンブルク"->"クウェート"->"トリニダード・トバゴ"->"コンゴ"->"コソボ"->"ボツワナ"->"ナミビア"->"アルバニア"->"アルメニア"->"アンドラ"->"ラトビア"->"アンティグア・バーブーダ"->"大韓民国"->"クロアチア"->"アメリカ"->"カーボヴェルデ"->"デンマーク"->"クック諸島"->"ウルグアイ"->"イギリス"->"スイス"->"スロバキア"

depth updated:44
"アルジェリア"->"アンゴラ"->"ラオス"->"スリランカ"->"ガーナ"->"ナイジェリア"->"アラブ首長国連邦"->"ウガンダ"->"タンザニア"->"アイスランド"->"トーゴ"->"コートジボワール"->"ルワンダ"->"タイ"->"インド"->"トルコ"->"コモロ"->"ロシア"->"アイルランド"->"ドイツ"->"ツバル"->"ルクセンブルク"->"クウェート"->"トリニダード・トバゴ"->"コンゴ"->"コソボ"->"ボツワナ"->"ナウル"->"ルーマニア"->"アルバニア"->"アルメニア"->"アンドラ"->"ラトビア"->"アンティグア・バーブーダ"->"大韓民国"->"クロアチア"->"アメリカ"->"カーボヴェルデ"->"デンマーク"->"クック諸島"->"ウルグアイ"->"イギリス"->"スイス"->"スロバキア"

depth updated:45
"アルジェリア"->"アンゴラ"->"ラオス"->"スリランカ"->"ガーナ"->"ナイジェリア"->"アラブ首長国連邦"->"ウガンダ"->"タンザニア"->"アイスランド"->"トーゴ"->"コートジボワール"->"ルワンダ"->"タイ"->"インド"->"トルコ"->"コモロ"->"ロシア"->"アイルランド"->"ドイツ"->"ツバル"->"ルクセンブルク"->"クウェート"->"トリニダード・トバゴ"->"コンゴ"->"コソボ"->"ポーランド"->"ドミニカ"->"カーボヴェルデ"->"デンマーク"->"クロアチア"->"アルバニア"->"アルメニア"->"アンドラ"->"ラトビア"->"アンティグア・バーブーダ"->"大韓民国"->"クック諸島"->"ウルグアイ"->"イギリス"->"スイス"->"スロバキア"->"アメリカ"->"カタール"->"ルーマニア"

depth updated:46
"アルジェリア"->"アンゴラ"->"ラオス"->"スリランカ"->"ガーナ"->"ナイジェリア"->"アラブ首長国連邦"->"ウガンダ"->"タンザニア"->"アイスランド"->"トーゴ"->"コートジボワール"->"ルワンダ"->"タイ"->"インド"->"トルコ"->"コモロ"->"ロシア"->"アイルランド"->"ドイツ"->"ツバル"->"ルクセンブルク"->"クウェート"->"トリニダード・トバゴ"->"コンゴ"->"コソボ"->"ポーランド"->"ドミニカ"->"カーボヴェルデ"->"デンマーク"->"クロアチア"->"アルバニア"->"アルメニア"->"アンドラ"->"ラトビア"->"アンティグア・バーブーダ"->"大韓民国"->"クック諸島"->"ウルグアイ"->"イギリス"->"スイス"->"スロバキア"->"アメリカ"->"ガイアナ"->"ナウル"->"ルーマニア"
